<?xml version="1.0" encoding="UTF-8"?>
<!-- Generated by org.testng.reporters.JUnitXMLReporter -->
<testsuite ignored="0" hostname="DESKTOP-80GKG3M" failures="0" tests="5" name="Default test" time="6.934" errors="0" timestamp="2021-12-31T16:59:35 CET">
  <testcase classname="test.TestTextBox" name="verifyClickOnTextBox" time="0.099"/>
  <testcase classname="test.TestTextBox" name="validTextInputInTextBoxesFields" time="0.428"/>
  <testcase classname="test.TestTextBox" name="verifyValidResultIfUserInputValidEmailAddress" time="0.266"/>
  <testcase classname="test.TestTextBox" name="testInvalidEmailInputs" time="1.031"/>
  <testcase classname="test.TestTextBox" name="verifyThatTextDoNotAppearWhenUserDoNotInputText" time="0.065"/>
</testsuite> <!-- Default test -->
