<?xml version="1.0" encoding="UTF-8"?>
<testng-results ignored="0" total="5" passed="5" failed="0" skipped="0">
  <reporter-output>
  </reporter-output>
  <suite started-at="2021-12-31T16:59:28 CET" name="Default suite" finished-at="2021-12-31T16:59:35 CET" duration-ms="6934">
    <groups>
    </groups>
    <test started-at="2021-12-31T16:59:28 CET" name="Default test" finished-at="2021-12-31T16:59:35 CET" duration-ms="6934">
      <class name="test.TestTextBox">
        <test-method is-config="true" signature="setUp()[pri:0, instance:test.TestTextBox@4a22f9e2]" started-at="2021-12-31T16:59:28 CET" name="setUp" finished-at="2021-12-31T16:59:29 CET" duration-ms="1485" status="PASS">
          <reporter-output>
          </reporter-output>
        </test-method> <!-- setUp -->
        <test-method is-config="true" signature="setUpPage()[pri:0, instance:test.TestTextBox@4a22f9e2]" started-at="2021-12-31T16:59:29 CET" name="setUpPage" finished-at="2021-12-31T16:59:31 CET" duration-ms="1472" status="PASS">
          <reporter-output>
          </reporter-output>
        </test-method> <!-- setUpPage -->
        <test-method signature="verifyClickOnTextBox()[pri:10, instance:test.TestTextBox@4a22f9e2]" started-at="2021-12-31T16:59:31 CET" name="verifyClickOnTextBox" finished-at="2021-12-31T16:59:31 CET" duration-ms="99" status="PASS">
          <reporter-output>
          </reporter-output>
        </test-method> <!-- verifyClickOnTextBox -->
        <test-method is-config="true" signature="deleteCookies()[pri:0, instance:test.TestTextBox@4a22f9e2]" started-at="2021-12-31T16:59:31 CET" name="deleteCookies" finished-at="2021-12-31T16:59:31 CET" duration-ms="82" status="PASS">
          <reporter-output>
          </reporter-output>
        </test-method> <!-- deleteCookies -->
        <test-method is-config="true" signature="setUpPage()[pri:0, instance:test.TestTextBox@4a22f9e2]" started-at="2021-12-31T16:59:31 CET" name="setUpPage" finished-at="2021-12-31T16:59:31 CET" duration-ms="457" status="PASS">
          <reporter-output>
          </reporter-output>
        </test-method> <!-- setUpPage -->
        <test-method signature="validTextInputInTextBoxesFields()[pri:20, instance:test.TestTextBox@4a22f9e2]" started-at="2021-12-31T16:59:31 CET" name="validTextInputInTextBoxesFields" finished-at="2021-12-31T16:59:32 CET" duration-ms="428" status="PASS">
          <reporter-output>
          </reporter-output>
        </test-method> <!-- validTextInputInTextBoxesFields -->
        <test-method is-config="true" signature="deleteCookies()[pri:0, instance:test.TestTextBox@4a22f9e2]" started-at="2021-12-31T16:59:32 CET" name="deleteCookies" finished-at="2021-12-31T16:59:32 CET" duration-ms="29" status="PASS">
          <reporter-output>
          </reporter-output>
        </test-method> <!-- deleteCookies -->
        <test-method is-config="true" signature="setUpPage()[pri:0, instance:test.TestTextBox@4a22f9e2]" started-at="2021-12-31T16:59:32 CET" name="setUpPage" finished-at="2021-12-31T16:59:32 CET" duration-ms="401" status="PASS">
          <reporter-output>
          </reporter-output>
        </test-method> <!-- setUpPage -->
        <test-method signature="verifyValidResultIfUserInputValidEmailAddress()[pri:40, instance:test.TestTextBox@4a22f9e2]" started-at="2021-12-31T16:59:32 CET" name="verifyValidResultIfUserInputValidEmailAddress" finished-at="2021-12-31T16:59:33 CET" duration-ms="266" status="PASS">
          <reporter-output>
          </reporter-output>
        </test-method> <!-- verifyValidResultIfUserInputValidEmailAddress -->
        <test-method is-config="true" signature="deleteCookies()[pri:0, instance:test.TestTextBox@4a22f9e2]" started-at="2021-12-31T16:59:33 CET" name="deleteCookies" finished-at="2021-12-31T16:59:33 CET" duration-ms="31" status="PASS">
          <reporter-output>
          </reporter-output>
        </test-method> <!-- deleteCookies -->
        <test-method is-config="true" signature="setUpPage()[pri:0, instance:test.TestTextBox@4a22f9e2]" started-at="2021-12-31T16:59:33 CET" name="setUpPage" finished-at="2021-12-31T16:59:33 CET" duration-ms="400" status="PASS">
          <reporter-output>
          </reporter-output>
        </test-method> <!-- setUpPage -->
        <test-method signature="testInvalidEmailInputs()[pri:50, instance:test.TestTextBox@4a22f9e2]" started-at="2021-12-31T16:59:33 CET" name="testInvalidEmailInputs" finished-at="2021-12-31T16:59:34 CET" duration-ms="1031" status="PASS">
          <reporter-output>
          </reporter-output>
        </test-method> <!-- testInvalidEmailInputs -->
        <test-method is-config="true" signature="deleteCookies()[pri:0, instance:test.TestTextBox@4a22f9e2]" started-at="2021-12-31T16:59:34 CET" name="deleteCookies" finished-at="2021-12-31T16:59:34 CET" duration-ms="30" status="PASS">
          <reporter-output>
          </reporter-output>
        </test-method> <!-- deleteCookies -->
        <test-method is-config="true" signature="setUpPage()[pri:0, instance:test.TestTextBox@4a22f9e2]" started-at="2021-12-31T16:59:34 CET" name="setUpPage" finished-at="2021-12-31T16:59:34 CET" duration-ms="395" status="PASS">
          <reporter-output>
          </reporter-output>
        </test-method> <!-- setUpPage -->
        <test-method signature="verifyThatTextDoNotAppearWhenUserDoNotInputText()[pri:60, instance:test.TestTextBox@4a22f9e2]" started-at="2021-12-31T16:59:34 CET" name="verifyThatTextDoNotAppearWhenUserDoNotInputText" finished-at="2021-12-31T16:59:35 CET" duration-ms="65" status="PASS">
          <reporter-output>
          </reporter-output>
        </test-method> <!-- verifyThatTextDoNotAppearWhenUserDoNotInputText -->
        <test-method is-config="true" signature="deleteCookies()[pri:0, instance:test.TestTextBox@4a22f9e2]" started-at="2021-12-31T16:59:35 CET" name="deleteCookies" finished-at="2021-12-31T16:59:35 CET" duration-ms="51" status="PASS">
          <reporter-output>
          </reporter-output>
        </test-method> <!-- deleteCookies -->
        <test-method is-config="true" signature="tearUp()[pri:0, instance:test.TestTextBox@4a22f9e2]" started-at="2021-12-31T16:59:35 CET" name="tearUp" finished-at="2021-12-31T16:59:35 CET" duration-ms="184" status="PASS">
          <reporter-output>
          </reporter-output>
        </test-method> <!-- tearUp -->
      </class> <!-- test.TestTextBox -->
    </test> <!-- Default test -->
  </suite> <!-- Default suite -->
</testng-results>
